22:58:37 **** Build of configuration Debug for project PriorityQueue ****
make all 
Building file: ../main.cpp
Invoking: GCC C++ Compiler
g++ -O0 -g3 -Wall -c -fmessage-length=0 -MMD -MP -MF"main.d" -MT"main.o" -o "main.o" "../main.cpp"
Finished building: ../main.cpp
 
Building target: PriorityQueue
Invoking: GCC C++ Linker
g++  -o "PriorityQueue"  ./main.o   
Finished building target: PriorityQueue
 
22:58:48 **** Incremental Build of configuration Debug for project PriorityQueue ****
make all 
make: No se hace nada para 'all'.
22:59:18 **** Incremental Build of configuration Debug for project PriorityQueue ****
make all 
Building file: ../main.cpp
Invoking: GCC C++ Compiler
g++ -O0 -g3 -Wall -c -fmessage-length=0 -MMD -MP -MF"main.d" -MT"main.o" -o "main.o" "../main.cpp"
Finished building: ../main.cpp
 
Building target: PriorityQueue
Invoking: GCC C++ Linker
g++  -o "PriorityQueue"  ./main.o   
Finished building target: PriorityQueue
 
