22:32:41 **** Build of configuration Debug for project PublicInheritance ****
make all 
Building file: ../copyAssigmentAndConstructors/Base.cpp
Invoking: GCC C++ Compiler
g++ -O0 -g3 -Wall -c -fmessage-length=0 -MMD -MP -MF"copyAssigmentAndConstructors/Base.d" -MT"copyAssigmentAndConstructors/Base.o" -o "copyAssigmentAndConstructors/Base.o" "../copyAssigmentAndConstructors/Base.cpp"
Finished building: ../copyAssigmentAndConstructors/Base.cpp
 
Building file: ../copyAssigmentAndConstructors/Derived.cpp
Invoking: GCC C++ Compiler
g++ -O0 -g3 -Wall -c -fmessage-length=0 -MMD -MP -MF"copyAssigmentAndConstructors/Derived.d" -MT"copyAssigmentAndConstructors/Derived.o" -o "copyAssigmentAndConstructors/Derived.o" "../copyAssigmentAndConstructors/Derived.cpp"
Finished building: ../copyAssigmentAndConstructors/Derived.cpp
 
Building file: ../copyAssigmentAndConstructors/main.cpp
Invoking: GCC C++ Compiler
g++ -O0 -g3 -Wall -c -fmessage-length=0 -MMD -MP -MF"copyAssigmentAndConstructors/main.d" -MT"copyAssigmentAndConstructors/main.o" -o "copyAssigmentAndConstructors/main.o" "../copyAssigmentAndConstructors/main.cpp"
Finished building: ../copyAssigmentAndConstructors/main.cpp
 
Building file: ../PublicInheritance/Account.cpp
Invoking: GCC C++ Compiler
g++ -O0 -g3 -Wall -c -fmessage-length=0 -MMD -MP -MF"PublicInheritance/Account.d" -MT"PublicInheritance/Account.o" -o "PublicInheritance/Account.o" "../PublicInheritance/Account.cpp"
Finished building: ../PublicInheritance/Account.cpp
 
Building file: ../PublicInheritance/SavingAccount.cpp
Invoking: GCC C++ Compiler
g++ -O0 -g3 -Wall -c -fmessage-length=0 -MMD -MP -MF"PublicInheritance/SavingAccount.d" -MT"PublicInheritance/SavingAccount.o" -o "PublicInheritance/SavingAccount.o" "../PublicInheritance/SavingAccount.cpp"
Finished building: ../PublicInheritance/SavingAccount.cpp
 
Building file: ../PublicInheritance/main.cpp
Invoking: GCC C++ Compiler
g++ -O0 -g3 -Wall -c -fmessage-length=0 -MMD -MP -MF"PublicInheritance/main.d" -MT"PublicInheritance/main.o" -o "PublicInheritance/main.o" "../PublicInheritance/main.cpp"
Finished building: ../PublicInheritance/main.cpp
 
Building target: PublicInheritance
Invoking: GCC C++ Linker
g++  -o "PublicInheritance"  ./copyAssigmentAndConstructors/Base.o ./copyAssigmentAndConstructors/Derived.o ./copyAssigmentAndConstructors/main.o  ./PublicInheritance/Account.o ./PublicInheritance/SavingAccount.o ./PublicInheritance/main.o   
/usr/bin/ld: no se puede abrir el fichero de salida PublicInheritance: Es un directorio
collect2: error: ld returned 1 exit status
make: *** [PublicInheritance] Error 1
makefile:47: fallo en las instrucciones para el objetivo 'PublicInheritance'
"make all" terminated with exit code 2. Build might be incomplete.

22:32:45 Build Failed. 3 errors, 0 warnings. (took 3s.714ms)

