20:36:37 **** Incremental Build of configuration Debug for project virtualFunction ****
make all 
Building file: ../main.cpp
Invoking: GCC C++ Compiler
g++ -O0 -g3 -Wall -c -fmessage-length=0 -MMD -MP -MF"main.d" -MT"main.o" -o "main.o" "../main.cpp"
../main.cpp: In function ‘int main()’:
../main.cpp:51:9: warning: deleting object of polymorphic class type ‘Account’ which has non-virtual destructor might cause undefined behavior [-Wdelete-non-virtual-dtor]
  delete p1;
         ^~
../main.cpp:52:9: warning: deleting object of polymorphic class type ‘Account’ which has non-virtual destructor might cause undefined behavior [-Wdelete-non-virtual-dtor]
  delete p2;
         ^~
../main.cpp:53:9: warning: deleting object of polymorphic class type ‘Account’ which has non-virtual destructor might cause undefined behavior [-Wdelete-non-virtual-dtor]
  delete p3;
         ^~
../main.cpp:54:9: warning: deleting object of polymorphic class type ‘Account’ which has non-virtual destructor might cause undefined behavior [-Wdelete-non-virtual-dtor]
  delete p4;
         ^~
Finished building: ../main.cpp
 
Building target: virtualFunction
Invoking: GCC C++ Linker
g++  -o "virtualFunction"  ./main.o   
Finished building target: virtualFunction
 

20:36:38 Build Finished. 0 errors, 4 warnings. (took 1s.109ms)

